
DataHut_AT_Bipa_PriceExtractions_20250721.CSV
DataHut_AT_Dm_PriceExtractions_20250721.CSV
DataHut_SI_Dm_PriceExtractions_20250721.CSV
DataHut_SI_Mercator_PriceExtractions_20250721.CSV
autoteiledirekt_2025_07_18.csv
mister_auto_2025_07_18.csv
autoonderdelen24_2025_07_18.csv
auto5be_towing_hitches_2025_07_21.csv
auto5be_floormats_2025_07_21.csv
auto5be_bike_carriers_2025_07_21.csv
auto5be_skiboxes_2025_07_21.csv
auto5be_crossbar_2025_07_21.csv
auto5be_trunkliners_2025_07_21.csv
rameder_towing_hitches_2025_07_21.csv
rameder_crossbar_2025_07_21.csv
rameder_bike_carriers_2025_07_21.csv
rameder_trunkliners_2025_07_21.csv
dakkofferstore_skiboxes_2025_07_21.csv
dakkofferstore_crossbar_2025_07_21.csv
autoonderdelen24_bike_carriers_2025_07_21.csv
